Arguments: 
  /usr/bin/node /usr/bin/yarn build

PATH: 
  /home/tarand/.local/bin:/home/tarand/.local/bin:/usr/local/bin:/usr/bin:/bin:/usr/local/sbin:/usr/lib/jvm/default/bin:/usr/bin/site_perl:/usr/bin/vendor_perl:/usr/bin/core_perl:/var/lib/snapd/snap/bin:/usr/lib/jvm/default/bin:/usr/bin/site_perl:/usr/bin/vendor_perl:/usr/bin/core_perl

Yarn version: 
  1.22.0

Node version: 
  13.7.0

Platform: 
  linux x64

Trace: 
  Invariant Violation: Script must exist
      at invariant (/usr/lib/node_modules/yarn/lib/cli.js:2314:15)
      at /usr/lib/node_modules/yarn/lib/cli.js:62386:11
      at Generator.next (<anonymous>)
      at step (/usr/lib/node_modules/yarn/lib/cli.js:310:30)
      at /usr/lib/node_modules/yarn/lib/cli.js:328:14
      at new Promise (<anonymous>)
      at new F (/usr/lib/node_modules/yarn/lib/cli.js:5301:28)
      at /usr/lib/node_modules/yarn/lib/cli.js:307:12
      at realRunCommand (/usr/lib/node_modules/yarn/lib/cli.js:62471:23)
      at action.action (/usr/lib/node_modules/yarn/lib/cli.js:62532:16)

npm manifest: 
  {
    "name": "tarandorland.com",
    "version": "1.0",
    "description": "My personal website to display information about myself, personal projects, and school work.",
    "scripts": {
      "build": ""
    },
    "dependencies": {
      "bootstrap": "^4.4.1",
      "jquery": "^3.4.1",
      "popper.js": "^1.16.0"
    }
  }

yarn manifest: 
  No manifest

Lockfile: 
  # THIS IS AN AUTOGENERATED FILE. DO NOT EDIT THIS FILE DIRECTLY.
  # yarn lockfile v1
  
  
  bootstrap@^4.4.1:
    version "4.4.1"
    resolved "https://registry.yarnpkg.com/bootstrap/-/bootstrap-4.4.1.tgz#8582960eea0c5cd2bede84d8b0baf3789c3e8b01"
    integrity sha512-tbx5cHubwE6e2ZG7nqM3g/FZ5PQEDMWmMGNrCUBVRPHXTJaH7CBDdsLeu3eCh3B1tzAxTnAbtmrzvWEvT2NNEA==
  
  jquery@^3.4.1:
    version "3.4.1"
    resolved "https://registry.yarnpkg.com/jquery/-/jquery-3.4.1.tgz#714f1f8d9dde4bdfa55764ba37ef214630d80ef2"
    integrity sha512-36+AdBzCL+y6qjw5Tx7HgzeGCzC81MDDgaUP8ld2zhx58HdqXGoBd+tHdrBMiyjGQs0Hxs/MLZTu/eHNJJuWPw==
  
  popper.js@^1.16.0:
    version "1.16.0"
    resolved "https://registry.yarnpkg.com/popper.js/-/popper.js-1.16.0.tgz#2e1816bcbbaa518ea6c2e15a466f4cb9c6e2fbb3"
    integrity sha512-+G+EkOPoE5S/zChTpmBSSDYmhXJ5PsW8eMhH8cP/CQHMFPBG/kC9Y5IIw6qNYgdJ+/COf0ddY2li28iHaZRSjw==
